{
  "RSpec": {
    "coverage": {
      "/Users/jlr/Desktop/Makers/Bookmark-Manager/spec/bookmark_spec.rb": {
        "lines": [
          1,
          null,
          1,
          1,
          1,
          1,
          null,
          1,
          1,
          null,
          null,
          null
        ]
      },
      "/Users/jlr/Desktop/Makers/Bookmark-Manager/spec/features/viewing_bookmark_spec.rb": {
        "lines": [
          1,
          1,
          1,
          1,
          null,
          null,
          1,
          1,
          1,
          1,
          1,
          null,
          null
        ]
      }
    },
    "timestamp": 1608046855
  }
}
